GowinSynthesis start
Running parser ...
Analyzing Verilog file 'C:\Users\chatelain\Dropbox\Privat-2026\2026-04-03_TT-On-TangNano4k\tiny-tapeout-web-uart-tang-nano\src\src\gowin_empu\gowin_empu.v'
Analyzing Verilog file 'C:\Users\chatelain\Dropbox\Privat-2026\2026-04-03_TT-On-TangNano4k\tiny-tapeout-web-uart-tang-nano\src\src\top.v'
Undeclared symbol 'm3_gpio', assumed default net type 'wire'("C:\Users\chatelain\Dropbox\Privat-2026\2026-04-03_TT-On-TangNano4k\tiny-tapeout-web-uart-tang-nano\src\src\top.v":23)
Undeclared symbol 'mst1_penable', assumed default net type 'wire'("C:\Users\chatelain\Dropbox\Privat-2026\2026-04-03_TT-On-TangNano4k\tiny-tapeout-web-uart-tang-nano\src\src\top.v":34)
Undeclared symbol 'mst1_paddr', assumed default net type 'wire'("C:\Users\chatelain\Dropbox\Privat-2026\2026-04-03_TT-On-TangNano4k\tiny-tapeout-web-uart-tang-nano\src\src\top.v":35)
Undeclared symbol 'mst1_pwrite', assumed default net type 'wire'("C:\Users\chatelain\Dropbox\Privat-2026\2026-04-03_TT-On-TangNano4k\tiny-tapeout-web-uart-tang-nano\src\src\top.v":36)
Undeclared symbol 'mst1_pwdata', assumed default net type 'wire'("C:\Users\chatelain\Dropbox\Privat-2026\2026-04-03_TT-On-TangNano4k\tiny-tapeout-web-uart-tang-nano\src\src\top.v":37)
Undeclared symbol 'mst1_psel', assumed default net type 'wire'("C:\Users\chatelain\Dropbox\Privat-2026\2026-04-03_TT-On-TangNano4k\tiny-tapeout-web-uart-tang-nano\src\src\top.v":38)
Undeclared symbol 'mst1_pready', assumed default net type 'wire'("C:\Users\chatelain\Dropbox\Privat-2026\2026-04-03_TT-On-TangNano4k\tiny-tapeout-web-uart-tang-nano\src\src\top.v":39)
Undeclared symbol 'mst1_prdata', assumed default net type 'wire'("C:\Users\chatelain\Dropbox\Privat-2026\2026-04-03_TT-On-TangNano4k\tiny-tapeout-web-uart-tang-nano\src\src\top.v":40)
Compiling module 'top'("C:\Users\chatelain\Dropbox\Privat-2026\2026-04-03_TT-On-TangNano4k\tiny-tapeout-web-uart-tang-nano\src\src\top.v":2)
Compiling module '**'("C:\Users\chatelain\Dropbox\Privat-2026\2026-04-03_TT-On-TangNano4k\tiny-tapeout-web-uart-tang-nano\src\src\gowin_empu\gowin_empu.v":697)
WARN  (EX3670) : Actual bit length 1 differs from formal bit length 16 for port 'gpio'("C:\Users\chatelain\Dropbox\Privat-2026\2026-04-03_TT-On-TangNano4k\tiny-tapeout-web-uart-tang-nano\src\src\top.v":23)
WARN  (EX3670) : Actual bit length 1 differs from formal bit length 8 for port 'master_paddr'("C:\Users\chatelain\Dropbox\Privat-2026\2026-04-03_TT-On-TangNano4k\tiny-tapeout-web-uart-tang-nano\src\src\top.v":35)
WARN  (EX3670) : Actual bit length 1 differs from formal bit length 32 for port 'master_pwdata'("C:\Users\chatelain\Dropbox\Privat-2026\2026-04-03_TT-On-TangNano4k\tiny-tapeout-web-uart-tang-nano\src\src\top.v":37)
WARN  (EX3670) : Actual bit length 1 differs from formal bit length 32 for port 'master_prdata1'("C:\Users\chatelain\Dropbox\Privat-2026\2026-04-03_TT-On-TangNano4k\tiny-tapeout-web-uart-tang-nano\src\src\top.v":40)
WARN  (EX1998) : Net 'mst1_pready' does not have a driver("C:\Users\chatelain\Dropbox\Privat-2026\2026-04-03_TT-On-TangNano4k\tiny-tapeout-web-uart-tang-nano\src\src\top.v":39)
WARN  (EX1998) : Net 'mst1_prdata' does not have a driver("C:\Users\chatelain\Dropbox\Privat-2026\2026-04-03_TT-On-TangNano4k\tiny-tapeout-web-uart-tang-nano\src\src\top.v":40)
NOTE  (EX0101) : Current top module is "top"
[5%] Running netlist conversion ...
WARN  (CV0023) : Sweep user defined iobuf instance "gpio0" with dangling iopin("C:\Users\chatelain\Dropbox\Privat-2026\2026-04-03_TT-On-TangNano4k\tiny-tapeout-web-uart-tang-nano\src\src\gowin_empu\gowin_empu.v":697)
WARN  (CV0023) : Sweep user defined iobuf instance "gpio1" with dangling iopin("C:\Users\chatelain\Dropbox\Privat-2026\2026-04-03_TT-On-TangNano4k\tiny-tapeout-web-uart-tang-nano\src\src\gowin_empu\gowin_empu.v":697)
WARN  (CV0023) : Sweep user defined iobuf instance "gpio2" with dangling iopin("C:\Users\chatelain\Dropbox\Privat-2026\2026-04-03_TT-On-TangNano4k\tiny-tapeout-web-uart-tang-nano\src\src\gowin_empu\gowin_empu.v":697)
WARN  (CV0023) : Sweep user defined iobuf instance "gpio3" with dangling iopin("C:\Users\chatelain\Dropbox\Privat-2026\2026-04-03_TT-On-TangNano4k\tiny-tapeout-web-uart-tang-nano\src\src\gowin_empu\gowin_empu.v":697)
WARN  (CV0023) : Sweep user defined iobuf instance "gpio4" with dangling iopin("C:\Users\chatelain\Dropbox\Privat-2026\2026-04-03_TT-On-TangNano4k\tiny-tapeout-web-uart-tang-nano\src\src\gowin_empu\gowin_empu.v":697)
WARN  (CV0023) : Sweep user defined iobuf instance "gpio5" with dangling iopin("C:\Users\chatelain\Dropbox\Privat-2026\2026-04-03_TT-On-TangNano4k\tiny-tapeout-web-uart-tang-nano\src\src\gowin_empu\gowin_empu.v":697)
WARN  (CV0023) : Sweep user defined iobuf instance "gpio6" with dangling iopin("C:\Users\chatelain\Dropbox\Privat-2026\2026-04-03_TT-On-TangNano4k\tiny-tapeout-web-uart-tang-nano\src\src\gowin_empu\gowin_empu.v":697)
WARN  (CV0023) : Sweep user defined iobuf instance "gpio7" with dangling iopin("C:\Users\chatelain\Dropbox\Privat-2026\2026-04-03_TT-On-TangNano4k\tiny-tapeout-web-uart-tang-nano\src\src\gowin_empu\gowin_empu.v":697)
WARN  (CV0023) : Sweep user defined iobuf instance "gpio8" with dangling iopin("C:\Users\chatelain\Dropbox\Privat-2026\2026-04-03_TT-On-TangNano4k\tiny-tapeout-web-uart-tang-nano\src\src\gowin_empu\gowin_empu.v":697)
WARN  (CV0023) : Sweep user defined iobuf instance "gpio9" with dangling iopin("C:\Users\chatelain\Dropbox\Privat-2026\2026-04-03_TT-On-TangNano4k\tiny-tapeout-web-uart-tang-nano\src\src\gowin_empu\gowin_empu.v":697)
WARN  (CV0023) : Sweep user defined iobuf instance "gpio10" with dangling iopin("C:\Users\chatelain\Dropbox\Privat-2026\2026-04-03_TT-On-TangNano4k\tiny-tapeout-web-uart-tang-nano\src\src\gowin_empu\gowin_empu.v":697)
WARN  (CV0023) : Sweep user defined iobuf instance "gpio11" with dangling iopin("C:\Users\chatelain\Dropbox\Privat-2026\2026-04-03_TT-On-TangNano4k\tiny-tapeout-web-uart-tang-nano\src\src\gowin_empu\gowin_empu.v":697)
WARN  (CV0023) : Sweep user defined iobuf instance "gpio12" with dangling iopin("C:\Users\chatelain\Dropbox\Privat-2026\2026-04-03_TT-On-TangNano4k\tiny-tapeout-web-uart-tang-nano\src\src\gowin_empu\gowin_empu.v":697)
WARN  (CV0023) : Sweep user defined iobuf instance "gpio13" with dangling iopin("C:\Users\chatelain\Dropbox\Privat-2026\2026-04-03_TT-On-TangNano4k\tiny-tapeout-web-uart-tang-nano\src\src\gowin_empu\gowin_empu.v":697)
WARN  (CV0023) : Sweep user defined iobuf instance "gpio14" with dangling iopin("C:\Users\chatelain\Dropbox\Privat-2026\2026-04-03_TT-On-TangNano4k\tiny-tapeout-web-uart-tang-nano\src\src\gowin_empu\gowin_empu.v":697)
WARN  (CV0023) : Sweep user defined iobuf instance "gpio15" with dangling iopin("C:\Users\chatelain\Dropbox\Privat-2026\2026-04-03_TT-On-TangNano4k\tiny-tapeout-web-uart-tang-nano\src\src\gowin_empu\gowin_empu.v":697)
Running device independent optimization ...
[10%] Optimizing Phase 0 completed
[15%] Optimizing Phase 1 completed
[25%] Optimizing Phase 2 completed
Running inference ...
[30%] Inferring Phase 0 completed
[40%] Inferring Phase 1 completed
[50%] Inferring Phase 2 completed
[55%] Inferring Phase 3 completed
Running technical mapping ...
[60%] Tech-Mapping Phase 0 completed
[65%] Tech-Mapping Phase 1 completed
[75%] Tech-Mapping Phase 2 completed
[80%] Tech-Mapping Phase 3 completed
[90%] Tech-Mapping Phase 4 completed
WARN  (NL0002) : The module "GW_GPIO" instantiated to "u_GW_GPIO" is swept in optimizing("C:\Users\chatelain\Dropbox\Privat-2026\2026-04-03_TT-On-TangNano4k\tiny-tapeout-web-uart-tang-nano\src\src\gowin_empu\gowin_empu.v":697)
[95%] Generate netlist file "C:\Users\chatelain\Dropbox\Privat-2026\2026-04-03_TT-On-TangNano4k\tiny-tapeout-web-uart-tang-nano\src\impl\gwsynthesis\m3_uart_echo.vg" completed
[100%] Generate report file "C:\Users\chatelain\Dropbox\Privat-2026\2026-04-03_TT-On-TangNano4k\tiny-tapeout-web-uart-tang-nano\src\impl\gwsynthesis\m3_uart_echo_syn.rpt.html" completed
GowinSynthesis finish
