Reading netlist file: "C:\Users\chatelain\Dropbox\Privat-2026\2026-04-03_TT-On-TangNano4k\tiny-tapeout-web-uart-tang-nano\src\impl\gwsynthesis\m3_uart_echo.vg"
Parsing netlist file "C:\Users\chatelain\Dropbox\Privat-2026\2026-04-03_TT-On-TangNano4k\tiny-tapeout-web-uart-tang-nano\src\impl\gwsynthesis\m3_uart_echo.vg" completed
Processing netlist completed
Reading constraint file: "C:\Users\chatelain\Dropbox\Privat-2026\2026-04-03_TT-On-TangNano4k\tiny-tapeout-web-uart-tang-nano\src\src\top.cst"
Physical Constraint parsed completed
Running placement......
[10%] Placement Phase 0 completed
[20%] Placement Phase 1 completed
[30%] Placement Phase 2 completed
WARN  (TA1132) :  'clk_27m' was determined to be a clock but was not created.
[50%] Placement Phase 3 completed
Running routing......
[60%] Routing Phase 0 completed
[70%] Routing Phase 1 completed
[80%] Routing Phase 2 completed
WARN  (PR1014) : Generic routing resource will be used to clock signal 'clk_27m_d' by the specified constraint. And then it may lead to the excessive delay or skew
[90%] Routing Phase 3 completed
Running timing analysis......
[95%] Timing analysis completed
Placement and routing completed
Bitstream generation in progress......
Bitstream generation completed
Running power analysis......
[100%] Power analysis completed
Generate file "C:\Users\chatelain\Dropbox\Privat-2026\2026-04-03_TT-On-TangNano4k\tiny-tapeout-web-uart-tang-nano\src\impl\pnr\m3_uart_echo.power.html" completed
Generate file "C:\Users\chatelain\Dropbox\Privat-2026\2026-04-03_TT-On-TangNano4k\tiny-tapeout-web-uart-tang-nano\src\impl\pnr\m3_uart_echo.pin.html" completed
Generate file "C:\Users\chatelain\Dropbox\Privat-2026\2026-04-03_TT-On-TangNano4k\tiny-tapeout-web-uart-tang-nano\src\impl\pnr\m3_uart_echo.rpt.html" completed
Generate file "C:\Users\chatelain\Dropbox\Privat-2026\2026-04-03_TT-On-TangNano4k\tiny-tapeout-web-uart-tang-nano\src\impl\pnr\m3_uart_echo.rpt.txt" completed
Generate file "C:\Users\chatelain\Dropbox\Privat-2026\2026-04-03_TT-On-TangNano4k\tiny-tapeout-web-uart-tang-nano\src\impl\pnr\m3_uart_echo.tr.html" completed
Fri Apr  3 18:30:24 2026

